[ WARN ] [2016-03-15 16:34:34] io.netty.channel.ChannelInitializer.nioEventLoopGroup-3-2 [151] - Failed to initialize a channel. Closing: [id: 0x2b50c3b4, /192.168.1.19:63785 => /192.168.1.19:8089]
io.netty.channel.ChannelPipelineException: com.tiza.gw.handler.Gl500Handler is not a @Sharable handler, so can't be added or removed multiple times.
	at io.netty.channel.DefaultChannelPipeline.checkMultiplicity(DefaultChannelPipeline.java:449)
	at io.netty.channel.DefaultChannelPipeline.addLast0(DefaultChannelPipeline.java:146)
	at io.netty.channel.DefaultChannelPipeline.addLast(DefaultChannelPipeline.java:141)
	at io.netty.channel.DefaultChannelPipeline.addLast(DefaultChannelPipeline.java:253)
	at io.netty.channel.DefaultChannelPipeline.addLast(DefaultChannelPipeline.java:240)
	at com.tiza.gw.server.tcp.Gl500Server$1.initChannel(Gl500Server.java:55)
	at com.tiza.gw.server.tcp.Gl500Server$1.initChannel(Gl500Server.java:46)
	at io.netty.channel.ChannelInitializer.channelRegistered(ChannelInitializer.java:68)
	at io.netty.channel.AbstractChannelHandlerContext.invokeChannelRegistered(AbstractChannelHandlerContext.java:133)
	at io.netty.channel.AbstractChannelHandlerContext.fireChannelRegistered(AbstractChannelHandlerContext.java:119)
	at io.netty.channel.DefaultChannelPipeline.fireChannelRegistered(DefaultChannelPipeline.java:725)
	at io.netty.channel.AbstractChannel$AbstractUnsafe.register0(AbstractChannel.java:450)
	at io.netty.channel.AbstractChannel$AbstractUnsafe.access$100(AbstractChannel.java:378)
	at io.netty.channel.AbstractChannel$AbstractUnsafe$1.run(AbstractChannel.java:424)
	at io.netty.util.concurrent.SingleThreadEventExecutor.runAllTasks(SingleThreadEventExecutor.java:358)
	at io.netty.channel.nio.NioEventLoop.run(NioEventLoop.java:357)
	at io.netty.util.concurrent.SingleThreadEventExecutor$2.run(SingleThreadEventExecutor.java:112)
	at io.netty.util.concurrent.DefaultThreadFactory$DefaultRunnableDecorator.run(DefaultThreadFactory.java:137)
	at java.lang.Thread.run(Thread.java:745)
[ WARN ] [2016-03-15 16:35:19] io.netty.channel.ChannelInitializer.nioEventLoopGroup-3-3 [151] - Failed to initialize a channel. Closing: [id: 0xd6e135fa, /192.168.1.19:63793 => /192.168.1.19:8089]
io.netty.channel.ChannelPipelineException: com.tiza.gw.handler.Gl500Handler is not a @Sharable handler, so can't be added or removed multiple times.
	at io.netty.channel.DefaultChannelPipeline.checkMultiplicity(DefaultChannelPipeline.java:449)
	at io.netty.channel.DefaultChannelPipeline.addLast0(DefaultChannelPipeline.java:146)
	at io.netty.channel.DefaultChannelPipeline.addLast(DefaultChannelPipeline.java:141)
	at io.netty.channel.DefaultChannelPipeline.addLast(DefaultChannelPipeline.java:253)
	at io.netty.channel.DefaultChannelPipeline.addLast(DefaultChannelPipeline.java:240)
	at com.tiza.gw.server.tcp.Gl500Server$1.initChannel(Gl500Server.java:55)
	at com.tiza.gw.server.tcp.Gl500Server$1.initChannel(Gl500Server.java:46)
	at io.netty.channel.ChannelInitializer.channelRegistered(ChannelInitializer.java:68)
	at io.netty.channel.AbstractChannelHandlerContext.invokeChannelRegistered(AbstractChannelHandlerContext.java:133)
	at io.netty.channel.AbstractChannelHandlerContext.fireChannelRegistered(AbstractChannelHandlerContext.java:119)
	at io.netty.channel.DefaultChannelPipeline.fireChannelRegistered(DefaultChannelPipeline.java:725)
	at io.netty.channel.AbstractChannel$AbstractUnsafe.register0(AbstractChannel.java:450)
	at io.netty.channel.AbstractChannel$AbstractUnsafe.access$100(AbstractChannel.java:378)
	at io.netty.channel.AbstractChannel$AbstractUnsafe$1.run(AbstractChannel.java:424)
	at io.netty.util.concurrent.SingleThreadEventExecutor.runAllTasks(SingleThreadEventExecutor.java:358)
	at io.netty.channel.nio.NioEventLoop.run(NioEventLoop.java:357)
	at io.netty.util.concurrent.SingleThreadEventExecutor$2.run(SingleThreadEventExecutor.java:112)
	at io.netty.util.concurrent.DefaultThreadFactory$DefaultRunnableDecorator.run(DefaultThreadFactory.java:137)
	at java.lang.Thread.run(Thread.java:745)
[ WARN ] [2016-03-15 16:36:27] io.netty.channel.ChannelInitializer.nioEventLoopGroup-3-4 [151] - Failed to initialize a channel. Closing: [id: 0xa8886898, /192.168.1.19:63932 => /192.168.1.19:8089]
io.netty.channel.ChannelPipelineException: com.tiza.gw.handler.Gl500Handler is not a @Sharable handler, so can't be added or removed multiple times.
	at io.netty.channel.DefaultChannelPipeline.checkMultiplicity(DefaultChannelPipeline.java:449)
	at io.netty.channel.DefaultChannelPipeline.addLast0(DefaultChannelPipeline.java:146)
	at io.netty.channel.DefaultChannelPipeline.addLast(DefaultChannelPipeline.java:141)
	at io.netty.channel.DefaultChannelPipeline.addLast(DefaultChannelPipeline.java:253)
	at io.netty.channel.DefaultChannelPipeline.addLast(DefaultChannelPipeline.java:240)
	at com.tiza.gw.server.tcp.Gl500Server$1.initChannel(Gl500Server.java:55)
	at com.tiza.gw.server.tcp.Gl500Server$1.initChannel(Gl500Server.java:46)
	at io.netty.channel.ChannelInitializer.channelRegistered(ChannelInitializer.java:68)
	at io.netty.channel.AbstractChannelHandlerContext.invokeChannelRegistered(AbstractChannelHandlerContext.java:133)
	at io.netty.channel.AbstractChannelHandlerContext.fireChannelRegistered(AbstractChannelHandlerContext.java:119)
	at io.netty.channel.DefaultChannelPipeline.fireChannelRegistered(DefaultChannelPipeline.java:725)
	at io.netty.channel.AbstractChannel$AbstractUnsafe.register0(AbstractChannel.java:450)
	at io.netty.channel.AbstractChannel$AbstractUnsafe.access$100(AbstractChannel.java:378)
	at io.netty.channel.AbstractChannel$AbstractUnsafe$1.run(AbstractChannel.java:424)
	at io.netty.util.concurrent.SingleThreadEventExecutor.runAllTasks(SingleThreadEventExecutor.java:358)
	at io.netty.channel.nio.NioEventLoop.run(NioEventLoop.java:357)
	at io.netty.util.concurrent.SingleThreadEventExecutor$2.run(SingleThreadEventExecutor.java:112)
	at io.netty.util.concurrent.DefaultThreadFactory$DefaultRunnableDecorator.run(DefaultThreadFactory.java:137)
	at java.lang.Thread.run(Thread.java:745)
[ WARN ] [2016-03-15 16:51:54] io.netty.channel.ChannelInitializer.nioEventLoopGroup-3-2 [151] - Failed to initialize a channel. Closing: [id: 0xdcd953b1, /192.168.1.19:64382 => /192.168.1.19:8089]
io.netty.channel.ChannelPipelineException: com.tiza.gw.handler.Gl500Handler is not a @Sharable handler, so can't be added or removed multiple times.
	at io.netty.channel.DefaultChannelPipeline.checkMultiplicity(DefaultChannelPipeline.java:449)
	at io.netty.channel.DefaultChannelPipeline.addLast0(DefaultChannelPipeline.java:146)
	at io.netty.channel.DefaultChannelPipeline.addLast(DefaultChannelPipeline.java:141)
	at io.netty.channel.DefaultChannelPipeline.addLast(DefaultChannelPipeline.java:253)
	at io.netty.channel.DefaultChannelPipeline.addLast(DefaultChannelPipeline.java:240)
	at com.tiza.gw.server.tcp.Gl500Server$1.initChannel(Gl500Server.java:53)
	at com.tiza.gw.server.tcp.Gl500Server$1.initChannel(Gl500Server.java:44)
	at io.netty.channel.ChannelInitializer.channelRegistered(ChannelInitializer.java:68)
	at io.netty.channel.AbstractChannelHandlerContext.invokeChannelRegistered(AbstractChannelHandlerContext.java:133)
	at io.netty.channel.AbstractChannelHandlerContext.fireChannelRegistered(AbstractChannelHandlerContext.java:119)
	at io.netty.channel.DefaultChannelPipeline.fireChannelRegistered(DefaultChannelPipeline.java:725)
	at io.netty.channel.AbstractChannel$AbstractUnsafe.register0(AbstractChannel.java:450)
	at io.netty.channel.AbstractChannel$AbstractUnsafe.access$100(AbstractChannel.java:378)
	at io.netty.channel.AbstractChannel$AbstractUnsafe$1.run(AbstractChannel.java:424)
	at io.netty.util.concurrent.SingleThreadEventExecutor.runAllTasks(SingleThreadEventExecutor.java:358)
	at io.netty.channel.nio.NioEventLoop.run(NioEventLoop.java:357)
	at io.netty.util.concurrent.SingleThreadEventExecutor$2.run(SingleThreadEventExecutor.java:112)
	at io.netty.util.concurrent.DefaultThreadFactory$DefaultRunnableDecorator.run(DefaultThreadFactory.java:137)
	at java.lang.Thread.run(Thread.java:745)
[ WARN ] [2016-03-15 16:58:47] io.netty.channel.ChannelInitializer.nioEventLoopGroup-3-2 [151] - Failed to initialize a channel. Closing: [id: 0x5a212d3c, /192.168.1.19:64542 => /192.168.1.19:8089]
io.netty.channel.ChannelPipelineException: com.tiza.gw.handler.Gl500Handler is not a @Sharable handler, so can't be added or removed multiple times.
	at io.netty.channel.DefaultChannelPipeline.checkMultiplicity(DefaultChannelPipeline.java:449)
	at io.netty.channel.DefaultChannelPipeline.addLast0(DefaultChannelPipeline.java:146)
	at io.netty.channel.DefaultChannelPipeline.addLast(DefaultChannelPipeline.java:141)
	at io.netty.channel.DefaultChannelPipeline.addLast(DefaultChannelPipeline.java:253)
	at io.netty.channel.DefaultChannelPipeline.addLast(DefaultChannelPipeline.java:240)
	at com.tiza.gw.server.tcp.Gl500Server$1.initChannel(Gl500Server.java:58)
	at com.tiza.gw.server.tcp.Gl500Server$1.initChannel(Gl500Server.java:49)
	at io.netty.channel.ChannelInitializer.channelRegistered(ChannelInitializer.java:68)
	at io.netty.channel.AbstractChannelHandlerContext.invokeChannelRegistered(AbstractChannelHandlerContext.java:133)
	at io.netty.channel.AbstractChannelHandlerContext.fireChannelRegistered(AbstractChannelHandlerContext.java:119)
	at io.netty.channel.DefaultChannelPipeline.fireChannelRegistered(DefaultChannelPipeline.java:725)
	at io.netty.channel.AbstractChannel$AbstractUnsafe.register0(AbstractChannel.java:450)
	at io.netty.channel.AbstractChannel$AbstractUnsafe.access$100(AbstractChannel.java:378)
	at io.netty.channel.AbstractChannel$AbstractUnsafe$1.run(AbstractChannel.java:424)
	at io.netty.util.concurrent.SingleThreadEventExecutor.runAllTasks(SingleThreadEventExecutor.java:358)
	at io.netty.channel.nio.NioEventLoop.run(NioEventLoop.java:357)
	at io.netty.util.concurrent.SingleThreadEventExecutor$2.run(SingleThreadEventExecutor.java:112)
	at io.netty.util.concurrent.DefaultThreadFactory$DefaultRunnableDecorator.run(DefaultThreadFactory.java:137)
	at java.lang.Thread.run(Thread.java:745)
